<?xml version="1.0" encoding="UTF-8"?>
<testsuite name="ru.denisqq.mapstructlombok.mapper.OrganizationMapperTest" tests="1" skipped="0" failures="0" errors="0" timestamp="2021-01-23T20:10:37" hostname="denisqq-pc" time="0.015">
  <properties/>
  <testcase name="givenOrganization_thenShouldReturnMappedToOrganizationDto()" classname="ru.denisqq.mapstructlombok.mapper.OrganizationMapperTest" time="0.015"/>
  <system-out><![CDATA[]]></system-out>
  <system-err><![CDATA[]]></system-err>
</testsuite>
